0 info it worked if it ends with ok
1 verbose cli [ '/usr/local/bin/iojs',
1 verbose cli   '/usr/local/bin/npm',
1 verbose cli   'run',
1 verbose cli   'unit_tests' ]
2 info using npm@2.10.1
3 info using node@v2.1.0
4 verbose run-script [ 'preunit_tests', 'unit_tests', 'postunit_tests' ]
5 info preunit_tests react-demo@0.0.1
6 info unit_tests react-demo@0.0.1
7 verbose unsafe-perm in lifecycle true
8 info react-demo@0.0.1 Failed to exec unit_tests script
9 verbose stack Error: react-demo@0.0.1 unit_tests: `babel-istanbul cover ./node_modules/mocha/bin/_mocha --report lcovonly -- src/**/*.unitspec.js --compilers js:babel-core/register --recursive src && cat ./coverage/lcov.info | ./node_modules/coveralls/bin/coveralls.js`
9 verbose stack Exit status 1
9 verbose stack     at EventEmitter.<anonymous> (/usr/local/lib/node_modules/npm/lib/utils/lifecycle.js:213:16)
9 verbose stack     at emitTwo (events.js:87:13)
9 verbose stack     at EventEmitter.emit (events.js:172:7)
9 verbose stack     at ChildProcess.<anonymous> (/usr/local/lib/node_modules/npm/lib/utils/spawn.js:24:14)
9 verbose stack     at emitTwo (events.js:87:13)
9 verbose stack     at ChildProcess.emit (events.js:172:7)
9 verbose stack     at maybeClose (child_process.js:953:16)
9 verbose stack     at Process.ChildProcess._handle.onexit (child_process.js:1020:5)
10 verbose pkgid react-demo@0.0.1
11 verbose cwd /Users/markwylde/Documents/react-demo
12 error Darwin 14.5.0
13 error argv "/usr/local/bin/iojs" "/usr/local/bin/npm" "run" "unit_tests"
14 error node v2.1.0
15 error npm  v2.10.1
16 error code ELIFECYCLE
17 error react-demo@0.0.1 unit_tests: `babel-istanbul cover ./node_modules/mocha/bin/_mocha --report lcovonly -- src/**/*.unitspec.js --compilers js:babel-core/register --recursive src && cat ./coverage/lcov.info | ./node_modules/coveralls/bin/coveralls.js`
17 error Exit status 1
18 error Failed at the react-demo@0.0.1 unit_tests script 'babel-istanbul cover ./node_modules/mocha/bin/_mocha --report lcovonly -- src/**/*.unitspec.js --compilers js:babel-core/register --recursive src && cat ./coverage/lcov.info | ./node_modules/coveralls/bin/coveralls.js'.
18 error This is most likely a problem with the react-demo package,
18 error not with npm itself.
18 error Tell the author that this fails on your system:
18 error     babel-istanbul cover ./node_modules/mocha/bin/_mocha --report lcovonly -- src/**/*.unitspec.js --compilers js:babel-core/register --recursive src && cat ./coverage/lcov.info | ./node_modules/coveralls/bin/coveralls.js
18 error You can get their info via:
18 error     npm owner ls react-demo
18 error There is likely additional logging output above.
19 verbose exit [ 1, true ]
